# JRE version: Java(TM) SE Runtime Environment (7.0_51-b13) (build 1.7.0_51-b13)
# Java VM: Java HotSpot(TM) 64-Bit Server VM (24.51-b03 mixed mode windows-amd64 compressed oops)
Heap
 PSYoungGen      total 329728K, used 257721K [0x00000000eb400000, 0x0000000100000000, 0x0000000100000000)
  eden space 320512K, 80% used [0x00000000eb400000,0x00000000faf96510,0x00000000fed00000)
  from space 9216K, 1% used [0x00000000ff600000,0x00000000ff618000,0x00000000fff00000)
  to   space 9216K, 0% used [0x00000000fed00000,0x00000000fed00000,0x00000000ff600000)
 ParOldGen       total 42496K, used 14632K [0x00000000c1c00000, 0x00000000c4580000, 0x00000000eb400000)
  object space 42496K, 34% used [0x00000000c1c00000,0x00000000c2a4a118,0x00000000c4580000)
 PSPermGen       total 21504K, used 15226K [0x00000000bca00000, 0x00000000bdf00000, 0x00000000c1c00000)
  object space 21504K, 70% used [0x00000000bca00000,0x00000000bd8de8d0,0x00000000bdf00000)
GC Heap History (10 events):
Event: 17.914 GC heap before
{Heap before GC invocations=10 (full 0):
 PSYoungGen      total 140800K, used 131377K [0x00000000eb400000, 0x00000000f9400000, 0x0000000100000000)
  eden space 131072K, 100% used [0x00000000eb400000,0x00000000f3400000,0x00000000f3400000)
  from space 9728K, 3% used [0x00000000f3400000,0x00000000f344c498,0x00000000f3d80000)
  to   space 9728K, 0% used [0x00000000f8a80000,0x00000000f8a80000,0x00000000f9400000)
 ParOldGen       total 42496K, used 14310K [0x00000000c1c00000, 0x00000000c4580000, 0x00000000eb400000)
  object space 42496K, 33% used [0x00000000c1c00000,0x00000000c29f9978,0x00000000c4580000)
 PSPermGen       total 21504K, used 15122K [0x00000000bca00000, 0x00000000bdf00000, 0x00000000c1c00000)
  object space 21504K, 70% used [0x00000000bca00000,0x00000000bd8c4b70,0x00000000bdf00000)
Event: 17.916 GC heap after
Heap after GC invocations=10 (full 0):
 PSYoungGen      total 219648K, used 128K [0x00000000eb400000, 0x00000000f9400000, 0x0000000100000000)
  eden space 209920K, 0% used [0x00000000eb400000,0x00000000eb400000,0x00000000f8100000)
  from space 9728K, 1% used [0x00000000f8a80000,0x00000000f8aa0000,0x00000000f9400000)
  to   space 9728K, 0% used [0x00000000f8100000,0x00000000f8100000,0x00000000f8a80000)
 ParOldGen       total 42496K, used 14480K [0x00000000c1c00000, 0x00000000c4580000, 0x00000000eb400000)
  object space 42496K, 34% used [0x00000000c1c00000,0x00000000c2a24118,0x00000000c4580000)
 PSPermGen       total 21504K, used 15122K [0x00000000bca00000, 0x00000000bdf00000, 0x00000000c1c00000)
  object space 21504K, 70% used [0x00000000bca00000,0x00000000bd8c4b70,0x00000000bdf00000)
}
Event: 19.604 GC heap before
{Heap before GC invocations=11 (full 0):
 PSYoungGen      total 219648K, used 210048K [0x00000000eb400000, 0x00000000f9400000, 0x0000000100000000)
  eden space 209920K, 100% used [0x00000000eb400000,0x00000000f8100000,0x00000000f8100000)
  from space 9728K, 1% used [0x00000000f8a80000,0x00000000f8aa0000,0x00000000f9400000)
  to   space 9728K, 0% used [0x00000000f8100000,0x00000000f8100000,0x00000000f8a80000)
 ParOldGen       total 42496K, used 14480K [0x00000000c1c00000, 0x00000000c4580000, 0x00000000eb400000)
  object space 42496K, 34% used [0x00000000c1c00000,0x00000000c2a24118,0x00000000c4580000)
 PSPermGen       total 21504K, used 15132K [0x00000000bca00000, 0x00000000bdf00000, 0x00000000c1c00000)
  object space 21504K, 70% used [0x00000000bca00000,0x00000000bd8c7300,0x00000000bdf00000)
Event: 19.606 GC heap after
Heap after GC invocations=11 (full 0):
 PSYoungGen      total 219648K, used 64K [0x00000000eb400000, 0x0000000100000000, 0x0000000100000000)
  eden space 209920K, 0% used [0x00000000eb400000,0x00000000eb400000,0x00000000f8100000)
  from space 9728K, 0% used [0x00000000f8100000,0x00000000f8110000,0x00000000f8a80000)
  to   space 9728K, 0% used [0x00000000ff680000,0x00000000ff680000,0x0000000100000000)
 ParOldGen       total 42496K, used 14488K [0x00000000c1c00000, 0x00000000c4580000, 0x00000000eb400000)
  object space 42496K, 34% used [0x00000000c1c00000,0x00000000c2a26118,0x00000000c4580000)
 PSPermGen       total 21504K, used 15132K [0x00000000bca00000, 0x00000000bdf00000, 0x00000000c1c00000)
  object space 21504K, 70% used [0x00000000bca00000,0x00000000bd8c7300,0x00000000bdf00000)
}
Event: 19.991 GC heap before
{Heap before GC invocations=12 (full 0):
 PSYoungGen      total 219648K, used 209984K [0x00000000eb400000, 0x0000000100000000, 0x0000000100000000)
  eden space 209920K, 100% used [0x00000000eb400000,0x00000000f8100000,0x00000000f8100000)
  from space 9728K, 0% used [0x00000000f8100000,0x00000000f8110000,0x00000000f8a80000)
  to   space 9728K, 0% used [0x00000000ff680000,0x00000000ff680000,0x0000000100000000)
 ParOldGen       total 42496K, used 14488K [0x00000000c1c00000, 0x00000000c4580000, 0x00000000eb400000)
  object space 42496K, 34% used [0x00000000c1c00000,0x00000000c2a26118,0x00000000c4580000)
 PSPermGen       total 21504K, used 15134K [0x00000000bca00000, 0x00000000bdf00000, 0x00000000c1c00000)
  object space 21504K, 70% used [0x00000000bca00000,0x00000000bd8c78f8,0x00000000bdf00000)
Event: 19.992 GC heap after
Heap after GC invocations=12 (full 0):
 PSYoungGen      total 330240K, used 64K [0x00000000eb400000, 0x0000000100000000, 0x0000000100000000)
  eden space 320512K, 0% used [0x00000000eb400000,0x00000000eb400000,0x00000000fed00000)
  from space 9728K, 0% used [0x00000000ff680000,0x00000000ff690000,0x0000000100000000)
  to   space 9728K, 0% used [0x00000000fed00000,0x00000000fed00000,0x00000000ff680000)
 ParOldGen       total 42496K, used 14544K [0x00000000c1c00000, 0x00000000c4580000, 0x00000000eb400000)
  object space 42496K, 34% used [0x00000000c1c00000,0x00000000c2a34118,0x00000000c4580000)
 PSPermGen       total 21504K, used 15134K [0x00000000bca00000, 0x00000000bdf00000, 0x00000000c1c00000)
  object space 21504K, 70% used [0x00000000bca00000,0x00000000bd8c78f8,0x00000000bdf00000)
}
Event: 22.122 GC heap before
{Heap before GC invocations=13 (full 0):
 PSYoungGen      total 330240K, used 320576K [0x00000000eb400000, 0x0000000100000000, 0x0000000100000000)
  eden space 320512K, 100% used [0x00000000eb400000,0x00000000fed00000,0x00000000fed00000)
  from space 9728K, 0% used [0x00000000ff680000,0x00000000ff690000,0x0000000100000000)
  to   space 9728K, 0% used [0x00000000fed00000,0x00000000fed00000,0x00000000ff680000)
 ParOldGen       total 42496K, used 14544K [0x00000000c1c00000, 0x00000000c4580000, 0x00000000eb400000)
  object space 42496K, 34% used [0x00000000c1c00000,0x00000000c2a34118,0x00000000c4580000)
 PSPermGen       total 21504K, used 15165K [0x00000000bca00000, 0x00000000bdf00000, 0x00000000c1c00000)
  object space 21504K, 70% used [0x00000000bca00000,0x00000000bd8cf6d8,0x00000000bdf00000)
Event: 22.124 GC heap after
Heap after GC invocations=13 (full 0):
 PSYoungGen      total 321024K, used 224K [0x00000000eb400000, 0x00000000fff00000, 0x0000000100000000)
  eden space 320512K, 0% used [0x00000000eb400000,0x00000000eb400000,0x00000000fed00000)
  from space 512K, 43% used [0x00000000fed00000,0x00000000fed38000,0x00000000fed80000)
  to   space 9216K, 0% used [0x00000000ff600000,0x00000000ff600000,0x00000000fff00000)
 ParOldGen       total 42496K, used 14544K [0x00000000c1c00000, 0x00000000c4580000, 0x00000000eb400000)
  object space 42496K, 34% used [0x00000000c1c00000,0x00000000c2a34118,0x00000000c4580000)
 PSPermGen       total 21504K, used 15165K [0x00000000bca00000, 0x00000000bdf00000, 0x00000000c1c00000)
  object space 21504K, 70% used [0x00000000bca00000,0x00000000bd8cf6d8,0x00000000bdf00000)
}
Event: 22.719 GC heap before
{Heap before GC invocations=14 (full 0):
 PSYoungGen      total 321024K, used 320736K [0x00000000eb400000, 0x00000000fff00000, 0x0000000100000000)
  eden space 320512K, 100% used [0x00000000eb400000,0x00000000fed00000,0x00000000fed00000)
  from space 512K, 43% used [0x00000000fed00000,0x00000000fed38000,0x00000000fed80000)
  to   space 9216K, 0% used [0x00000000ff600000,0x00000000ff600000,0x00000000fff00000)
 ParOldGen       total 42496K, used 14544K [0x00000000c1c00000, 0x00000000c4580000, 0x00000000eb400000)
  object space 42496K, 34% used [0x00000000c1c00000,0x00000000c2a34118,0x00000000c4580000)
 PSPermGen       total 21504K, used 15177K [0x00000000bca00000, 0x00000000bdf00000, 0x00000000c1c00000)
  object space 21504K, 70% used [0x00000000bca00000,0x00000000bd8d24f8,0x00000000bdf00000)
Event: 22.721 GC heap after
Heap after GC invocations=14 (full 0):
 PSYoungGen      total 329728K, used 96K [0x00000000eb400000, 0x0000000100000000, 0x0000000100000000)
  eden space 320512K, 0% used [0x00000000eb400000,0x00000000eb400000,0x00000000fed00000)
  from space 9216K, 1% used [0x00000000ff600000,0x00000000ff618000,0x00000000fff00000)
  to   space 9216K, 0% used [0x00000000fed00000,0x00000000fed00000,0x00000000ff600000)
 ParOldGen       total 42496K, used 14632K [0x00000000c1c00000, 0x00000000c4580000, 0x00000000eb400000)
  object space 42496K, 34% used [0x00000000c1c00000,0x00000000c2a4a118,0x00000000c4580000)
 PSPermGen       total 21504K, used 15177K [0x00000000bca00000, 0x00000000bdf00000, 0x00000000c1c00000)
  object space 21504K, 70% used [0x00000000bca00000,0x00000000bd8d24f8,0x00000000bdf00000)
}

